Using pre-set license
Built from '2020.3/release' branch; Version is '2020.3.31f1 (6b54b7616050) revision 7034039'; Using compiler version '192528614'; Build Type 'Release'
OS: 'Windows 10  (10.0.19043) 64bit Core' Language: 'en' Physical Memory: 32659 MB
BatchMode: 1, IsHumanControllingUs: 0, StartBugReporterOnCrash: 0, Is64bit: 1, IsPro: 0

COMMAND LINE ARGUMENTS:
C:\Program Files\Unity\Hub\Editor\2020.3.31f1\Editor\Unity.exe
-adb2
-batchMode
-noUpm
-name
AssetImportWorker0
-projectPath
C:/Users/dboze/Documents/Local-Repos/Unity-Dark-Souls/Unity-Game-Projects/DarkSouls
-logFile
Logs/AssetImportWorker0.log
-srvPort
61628
Successfully changed project path to: C:/Users/dboze/Documents/Local-Repos/Unity-Dark-Souls/Unity-Game-Projects/DarkSouls
C:/Users/dboze/Documents/Local-Repos/Unity-Dark-Souls/Unity-Game-Projects/DarkSouls
Using Asset Import Pipeline V2.
Refreshing native plugins compatible for Editor in 39.42 ms, found 2 plugins.
Preloading 0 native plugins for Editor in 0.00 ms.
Initialize engine version: 2020.3.31f1 (6b54b7616050)
[Subsystems] Discovering subsystems at path C:/Program Files/Unity/Hub/Editor/2020.3.31f1/Editor/Data/Resources/UnitySubsystems
[Subsystems] Discovering subsystems at path C:/Users/dboze/Documents/Local-Repos/Unity-Dark-Souls/Unity-Game-Projects/DarkSouls/Assets
GfxDevice: creating device client; threaded=0
Direct3D:
    Version:  Direct3D 11.0 [level 11.1]
    Renderer: NVIDIA GeForce RTX 3070 (ID=0x2488)
    Vendor:   
    VRAM:     8043 MB
    Driver:   30.0.15.1179
Initialize mono
Mono path[0] = 'C:/Program Files/Unity/Hub/Editor/2020.3.31f1/Editor/Data/Managed'
Mono path[1] = 'C:/Program Files/Unity/Hub/Editor/2020.3.31f1/Editor/Data/MonoBleedingEdge/lib/mono/unityjit'
Mono config path = 'C:/Program Files/Unity/Hub/Editor/2020.3.31f1/Editor/Data/MonoBleedingEdge/etc'
Using monoOptions --debugger-agent=transport=dt_socket,embedding=1,server=y,suspend=n,address=127.0.0.1:56216
Begin MonoManager ReloadAssembly
Registering precompiled unity dll's ...
Register platform support module: C:/Program Files/Unity/Hub/Editor/2020.3.31f1/Editor/Data/PlaybackEngines/WebGLSupport/UnityEditor.WebGL.Extensions.dll
Register platform support module: C:/Program Files/Unity/Hub/Editor/2020.3.31f1/Editor/Data/PlaybackEngines/WindowsStandaloneSupport/UnityEditor.WindowsStandalone.Extensions.dll
Registered in 0.002047 seconds.
Native extension for WindowsStandalone target not found
Native extension for WebGL target not found
Refreshing native plugins compatible for Editor in 22.53 ms, found 2 plugins.
Preloading 0 native plugins for Editor in 0.00 ms.
Mono: successfully reloaded assembly
- Completed reload, in  0.440 seconds
Domain Reload Profiling:
	ReloadAssembly (441ms)
		BeginReloadAssembly (51ms)
			ExecutionOrderSort (0ms)
			DisableScriptedObjects (0ms)
			BackupInstance (0ms)
			ReleaseScriptingObjects (0ms)
			CreateAndSetChildDomain (1ms)
		EndReloadAssembly (333ms)
			LoadAssemblies (50ms)
			RebuildTransferFunctionScriptingTraits (0ms)
			SetupTypeCache (114ms)
			ReleaseScriptCaches (0ms)
			RebuildScriptCaches (23ms)
			SetupLoadedEditorAssemblies (123ms)
				LogAssemblyErrors (0ms)
				InitializePlatformSupportModulesInManaged (4ms)
				SetLoadedEditorAssemblies (0ms)
				RefreshPlugins (23ms)
				BeforeProcessingInitializeOnLoad (12ms)
				ProcessInitializeOnLoadAttributes (64ms)
				ProcessInitializeOnLoadMethodAttributes (20ms)
				AfterProcessingInitializeOnLoad (0ms)
				EditorAssembliesLoaded (0ms)
			ExecutionOrderSort2 (0ms)
			AwakeInstancesAfterBackupRestoration (0ms)
Platform modules already initialized, skipping
Registering precompiled user dll's ...
Registered in 0.002480 seconds.
Begin MonoManager ReloadAssembly
Native extension for WindowsStandalone target not found
Native extension for WebGL target not found
Refreshing native plugins compatible for Editor in 0.32 ms, found 2 plugins.
Preloading 0 native plugins for Editor in 0.00 ms.
Mono: successfully reloaded assembly
- Completed reload, in  0.774 seconds
Domain Reload Profiling:
	ReloadAssembly (775ms)
		BeginReloadAssembly (120ms)
			ExecutionOrderSort (0ms)
			DisableScriptedObjects (4ms)
			BackupInstance (0ms)
			ReleaseScriptingObjects (0ms)
			CreateAndSetChildDomain (16ms)
		EndReloadAssembly (607ms)
			LoadAssemblies (76ms)
			RebuildTransferFunctionScriptingTraits (0ms)
			SetupTypeCache (204ms)
			ReleaseScriptCaches (0ms)
			RebuildScriptCaches (32ms)
			SetupLoadedEditorAssemblies (229ms)
				LogAssemblyErrors (0ms)
				InitializePlatformSupportModulesInManaged (4ms)
				SetLoadedEditorAssemblies (0ms)
				RefreshPlugins (0ms)
				BeforeProcessingInitializeOnLoad (60ms)
				ProcessInitializeOnLoadAttributes (150ms)
				ProcessInitializeOnLoadMethodAttributes (7ms)
				AfterProcessingInitializeOnLoad (6ms)
				EditorAssembliesLoaded (0ms)
			ExecutionOrderSort2 (0ms)
			AwakeInstancesAfterBackupRestoration (5ms)
Platform modules already initialized, skipping
========================================================================
Worker process is ready to serve import requests
Launched and connected shader compiler UnityShaderCompiler.exe after 0.03 seconds
Refreshing native plugins compatible for Editor in 0.28 ms, found 2 plugins.
Preloading 0 native plugins for Editor in 0.00 ms.
Unloading 1506 Unused Serialized files (Serialized files now loaded: 0)
System memory in use before: 69.0 MB.
System memory in use after: 69.1 MB.

Unloading 16 unused Assets to reduce memory usage. Loaded Objects now: 1942.
Total: 1.954700 ms (FindLiveObjects: 0.099400 ms CreateObjectMapping: 0.035800 ms MarkObjects: 1.769400 ms  DeleteObjects: 0.049300 ms)

AssetImportParameters requested are different than current active one (requested -> active):
  custom:framework-win-MediaFoundation: 216162199b28c13a410421893ffa2e32 -> 
  custom:video-decoder-ogg-theora: a1e56fd34408186e4bbccfd4996cb3dc -> 
  custom:container-muxer-webm: aa71ff27fc2769a1b78a27578f13a17b -> 
  custom:container-demuxer-webm: 4f35f7cbe854078d1ac9338744f61a02 -> 
  custom:container-demuxer-ogg: 62fdf1f143b41e24485cea50d1cbac27 -> 
  custom:video-encoder-webm-vp8: eb34c28f22e8b96e1ab97ce403110664 -> 
  custom:video-decoder-webm-vp8: 9c59270c3fd7afecdb556c50c9e8de78 -> 
  custom:audio-decoder-ogg-vorbis: bf7c407c2cedff20999df2af8eb42d56 -> 
  custom:audio-encoder-webm-vorbis: bf7c407c2cedff20999df2af8eb42d56 -> 
========================================================================
Received Import Request.
  path: Assets/Materials
  artifactKey: Guid(dd9a0abdc65504e4382e701c9f256f50) Importer(815301076,1909f56bfc062723c751e8b465ee728b)
Start importing Assets/Materials using Guid(dd9a0abdc65504e4382e701c9f256f50) Importer(815301076,1909f56bfc062723c751e8b465ee728b)  -> (artifact id: '0e9d99bb8e05db0063322acb1aa81b1f') in 0.003393 seconds 
========================================================================
Received Import Request.
  Time since last request: 266.589757 seconds.
  path: Assets/PolygonFarm
  artifactKey: Guid(a8f0a387c5f43e24192301ced0876a3d) Importer(815301076,1909f56bfc062723c751e8b465ee728b)
Start importing Assets/PolygonFarm using Guid(a8f0a387c5f43e24192301ced0876a3d) Importer(815301076,1909f56bfc062723c751e8b465ee728b)  -> (artifact id: '6af31a900e413353bed060d4fb1fb910') in 0.001518 seconds 
========================================================================
Received Import Request.
  Time since last request: 7.713874 seconds.
  path: Assets/z_Import_PolygonFarm
  artifactKey: Guid(a8f0a387c5f43e24192301ced0876a3d) Importer(815301076,1909f56bfc062723c751e8b465ee728b)
Start importing Assets/z_Import_PolygonFarm using Guid(a8f0a387c5f43e24192301ced0876a3d) Importer(815301076,1909f56bfc062723c751e8b465ee728b)  -> (artifact id: '3766fb7269c31910b0a18071ff4db4ae') in 0.001404 seconds 
========================================================================
Received Import Request.
  Time since last request: 111.924448 seconds.
  path: Assets/z_Import_PolygonFarm/Prefabs/Characters/SM_Chr_Attach_Buckethat_01 (1).prefab
  artifactKey: Guid(60fa9e0c6567acd45b844ed4537a6d72) Importer(815301076,1909f56bfc062723c751e8b465ee728b)
Start importing Assets/z_Import_PolygonFarm/Prefabs/Characters/SM_Chr_Attach_Buckethat_01 (1).prefab using Guid(60fa9e0c6567acd45b844ed4537a6d72) Importer(815301076,1909f56bfc062723c751e8b465ee728b)  -> (artifact id: '269bb913ac47607335e5f95ffff661c1') in 0.248251 seconds 
========================================================================
Received Import Request.
  Time since last request: 0.873863 seconds.
  path: Assets/z_Import_PolygonFarm/Prefabs/Characters/SM_Chr_Attach_Cap_01.prefab
  artifactKey: Guid(b2eed9c07e9096a44a25870919024434) Importer(815301076,1909f56bfc062723c751e8b465ee728b)
Start importing Assets/z_Import_PolygonFarm/Prefabs/Characters/SM_Chr_Attach_Cap_01.prefab using Guid(b2eed9c07e9096a44a25870919024434) Importer(815301076,1909f56bfc062723c751e8b465ee728b)  -> (artifact id: 'bfeeced15bbf7f6fc07a0558c29d95d3') in 0.011460 seconds 
========================================================================
Received Import Request.
  Time since last request: 0.664021 seconds.
  path: Assets/z_Import_PolygonFarm/Prefabs/Characters/SM_Chr_Attach_Cap_02.prefab
  artifactKey: Guid(db5ab358cbd96524e90b0bf01186af8e) Importer(815301076,1909f56bfc062723c751e8b465ee728b)
Start importing Assets/z_Import_PolygonFarm/Prefabs/Characters/SM_Chr_Attach_Cap_02.prefab using Guid(db5ab358cbd96524e90b0bf01186af8e) Importer(815301076,1909f56bfc062723c751e8b465ee728b)  -> (artifact id: 'e19cf8bef8dd23e0734aa710e618af06') in 0.016458 seconds 
========================================================================
Received Import Request.
  Time since last request: 0.899457 seconds.
  path: Assets/z_Import_PolygonFarm/Prefabs/Characters/SM_Chr_Attach_CowboyHat_01.prefab
  artifactKey: Guid(59607cf23fbe18f4196263a6931d7223) Importer(815301076,1909f56bfc062723c751e8b465ee728b)
Start importing Assets/z_Import_PolygonFarm/Prefabs/Characters/SM_Chr_Attach_CowboyHat_01.prefab using Guid(59607cf23fbe18f4196263a6931d7223) Importer(815301076,1909f56bfc062723c751e8b465ee728b)  -> (artifact id: '9218320e52def8f4fb97d5997e94bbdb') in 0.010914 seconds 
========================================================================
Received Import Request.
  Time since last request: 0.516319 seconds.
  path: Assets/z_Import_PolygonFarm/Prefabs/Characters/SM_Chr_Attach_CowboyHat_02.prefab
  artifactKey: Guid(3a5f41839607207408f71375fa8f1473) Importer(815301076,1909f56bfc062723c751e8b465ee728b)
Start importing Assets/z_Import_PolygonFarm/Prefabs/Characters/SM_Chr_Attach_CowboyHat_02.prefab using Guid(3a5f41839607207408f71375fa8f1473) Importer(815301076,1909f56bfc062723c751e8b465ee728b)  -> (artifact id: '46a4e6022145f9a19b0c24dc4a48c6aa') in 0.009734 seconds 
========================================================================
Received Import Request.
  Time since last request: 0.396155 seconds.
  path: Assets/z_Import_PolygonFarm/Prefabs/Characters/SM_Chr_Attach_Glasses_01.prefab
  artifactKey: Guid(21964305d01b6054290f08a48cc6ebab) Importer(815301076,1909f56bfc062723c751e8b465ee728b)
Start importing Assets/z_Import_PolygonFarm/Prefabs/Characters/SM_Chr_Attach_Glasses_01.prefab using Guid(21964305d01b6054290f08a48cc6ebab) Importer(815301076,1909f56bfc062723c751e8b465ee728b)  -> (artifact id: 'e783a41af7af309526fe3c8e9dcaea72') in 0.010087 seconds 
========================================================================
Received Import Request.
  Time since last request: 0.411885 seconds.
  path: Assets/z_Import_PolygonFarm/Prefabs/Characters/SM_Chr_Attach_ScarecrowHat_01.prefab
  artifactKey: Guid(a90fc71b0ea782249a87f60e60eb5ed5) Importer(815301076,1909f56bfc062723c751e8b465ee728b)
Start importing Assets/z_Import_PolygonFarm/Prefabs/Characters/SM_Chr_Attach_ScarecrowHat_01.prefab using Guid(a90fc71b0ea782249a87f60e60eb5ed5) Importer(815301076,1909f56bfc062723c751e8b465ee728b)  -> (artifact id: '025beb12c6ac7d5cfde9cf92d9d7ed18') in 0.009738 seconds 
========================================================================
Received Import Request.
  Time since last request: 0.433391 seconds.
  path: Assets/z_Import_PolygonFarm/Prefabs/Characters/SM_Chr_Attach_Wheat_01.prefab
  artifactKey: Guid(99cd695c351166b4ba1965a8b073e583) Importer(815301076,1909f56bfc062723c751e8b465ee728b)
Start importing Assets/z_Import_PolygonFarm/Prefabs/Characters/SM_Chr_Attach_Wheat_01.prefab using Guid(99cd695c351166b4ba1965a8b073e583) Importer(815301076,1909f56bfc062723c751e8b465ee728b)  -> (artifact id: 'cb9ba5bf619220b4b4c3e6cff7a44af1') in 0.009957 seconds 
========================================================================
Received Import Request.
  Time since last request: 0.458491 seconds.
  path: Assets/z_Import_PolygonFarm/Prefabs/Characters/SM_Chr_FarmBoy_01.prefab
  artifactKey: Guid(5384b0579aea21545b42e1e5bd2f4cc0) Importer(815301076,1909f56bfc062723c751e8b465ee728b)
Start importing Assets/z_Import_PolygonFarm/Prefabs/Characters/SM_Chr_FarmBoy_01.prefab using Guid(5384b0579aea21545b42e1e5bd2f4cc0) Importer(815301076,1909f56bfc062723c751e8b465ee728b)  -> (artifact id: 'c76351ebe946201642ae1e708b6e1666') in 0.021531 seconds 
========================================================================
Received Import Request.
  Time since last request: 0.551295 seconds.
  path: Assets/z_Import_PolygonFarm/Prefabs/Characters/SM_Chr_Farmer_Female_01.prefab
  artifactKey: Guid(827a26e9b261b7847ac6cc3df54f2677) Importer(815301076,1909f56bfc062723c751e8b465ee728b)
Start importing Assets/z_Import_PolygonFarm/Prefabs/Characters/SM_Chr_Farmer_Female_01.prefab using Guid(827a26e9b261b7847ac6cc3df54f2677) Importer(815301076,1909f56bfc062723c751e8b465ee728b)  -> (artifact id: 'f28b670effd0012fdce36bd5c33ade3e') in 0.013437 seconds 
========================================================================
Received Import Request.
  Time since last request: 0.784164 seconds.
  path: Assets/z_Import_PolygonFarm/Prefabs/Characters/SM_Chr_Farmer_Male_01.prefab
  artifactKey: Guid(3c3a8236be548bb4c892cf39a5abadfe) Importer(815301076,1909f56bfc062723c751e8b465ee728b)
Start importing Assets/z_Import_PolygonFarm/Prefabs/Characters/SM_Chr_Farmer_Male_01.prefab using Guid(3c3a8236be548bb4c892cf39a5abadfe) Importer(815301076,1909f56bfc062723c751e8b465ee728b)  -> (artifact id: '27eae7a4a85806bacc0c63a341fb4de3') in 0.015534 seconds 
========================================================================
Received Import Request.
  Time since last request: 0.985758 seconds.
  path: Assets/z_Import_PolygonFarm/Prefabs/Characters/SM_Chr_Farmer_Male_Old_01.prefab
  artifactKey: Guid(6a71738add6483c4e8a1479556240d54) Importer(815301076,1909f56bfc062723c751e8b465ee728b)
Start importing Assets/z_Import_PolygonFarm/Prefabs/Characters/SM_Chr_Farmer_Male_Old_01.prefab using Guid(6a71738add6483c4e8a1479556240d54) Importer(815301076,1909f56bfc062723c751e8b465ee728b)  -> (artifact id: 'bb78f05f1de32ac363045721a4f1bc92') in 0.012868 seconds 
========================================================================
Received Import Request.
  Time since last request: 0.435424 seconds.
  path: Assets/z_Import_PolygonFarm/Prefabs/Characters/SM_Chr_FarmGirl_01.prefab
  artifactKey: Guid(a3981b0f4b9c4bb489dce3db59ee32b5) Importer(815301076,1909f56bfc062723c751e8b465ee728b)
Start importing Assets/z_Import_PolygonFarm/Prefabs/Characters/SM_Chr_FarmGirl_01.prefab using Guid(a3981b0f4b9c4bb489dce3db59ee32b5) Importer(815301076,1909f56bfc062723c751e8b465ee728b)  -> (artifact id: '1b15703d8404a483ec9e4ecae4504dee') in 0.012096 seconds 
========================================================================
Received Import Request.
  Time since last request: 0.386704 seconds.
  path: Assets/z_Import_PolygonFarm/Prefabs/Characters/SM_Chr_Scarecrow_01.prefab
  artifactKey: Guid(727475cbbf33ea247a2faccbc51c000a) Importer(815301076,1909f56bfc062723c751e8b465ee728b)
Start importing Assets/z_Import_PolygonFarm/Prefabs/Characters/SM_Chr_Scarecrow_01.prefab using Guid(727475cbbf33ea247a2faccbc51c000a) Importer(815301076,1909f56bfc062723c751e8b465ee728b)  -> (artifact id: '78dddc11fde9af62bbf7a83f415ca24f') in 0.014171 seconds 
========================================================================
Received Import Request.
  Time since last request: 24.293463 seconds.
  path: Assets
  artifactKey: Guid(00000000000000001000000000000000) Importer(815301076,1909f56bfc062723c751e8b465ee728b)
Start importing Assets using Guid(00000000000000001000000000000000) Importer(815301076,1909f56bfc062723c751e8b465ee728b)  -> (artifact id: '42d402b061de3733987d63b9cc3b64de') in 0.001481 seconds 
========================================================================
Received Import Request.
  Time since last request: 14.244765 seconds.
  path: Assets/Movement
  artifactKey: Guid(f9e77613033502048b632968e70cf199) Importer(815301076,1909f56bfc062723c751e8b465ee728b)
Start importing Assets/Movement using Guid(f9e77613033502048b632968e70cf199) Importer(815301076,1909f56bfc062723c751e8b465ee728b)  -> (artifact id: 'af51a9fb2b735c08034894ec92b5b87b') in 0.001565 seconds 
========================================================================
Received Import Request.
  Time since last request: 9.720318 seconds.
  path: Assets/Movement/PlayerLocomotion.cs
  artifactKey: Guid(78df86578cc77d24eb31c775e4bf69ff) Importer(815301076,1909f56bfc062723c751e8b465ee728b)
Start importing Assets/Movement/PlayerLocomotion.cs using Guid(78df86578cc77d24eb31c775e4bf69ff) Importer(815301076,1909f56bfc062723c751e8b465ee728b)  -> (artifact id: '644be1527d76ba578823336efa85958a') in 0.019313 seconds 
========================================================================
Received Prepare
Registering precompiled user dll's ...
Registered in 0.003099 seconds.
Begin MonoManager ReloadAssembly
Native extension for WindowsStandalone target not found
Native extension for WebGL target not found
Refreshing native plugins compatible for Editor in 0.42 ms, found 2 plugins.
Preloading 0 native plugins for Editor in 0.00 ms.
Mono: successfully reloaded assembly
- Completed reload, in  0.714 seconds
Domain Reload Profiling:
	ReloadAssembly (714ms)
		BeginReloadAssembly (94ms)
			ExecutionOrderSort (0ms)
			DisableScriptedObjects (4ms)
			BackupInstance (0ms)
			ReleaseScriptingObjects (0ms)
			CreateAndSetChildDomain (26ms)
		EndReloadAssembly (570ms)
			LoadAssemblies (73ms)
			RebuildTransferFunctionScriptingTraits (0ms)
			SetupTypeCache (196ms)
			ReleaseScriptCaches (1ms)
			RebuildScriptCaches (28ms)
			SetupLoadedEditorAssemblies (210ms)
				LogAssemblyErrors (0ms)
				InitializePlatformSupportModulesInManaged (4ms)
				SetLoadedEditorAssemblies (0ms)
				RefreshPlugins (0ms)
				BeforeProcessingInitializeOnLoad (56ms)
				ProcessInitializeOnLoadAttributes (137ms)
				ProcessInitializeOnLoadMethodAttributes (6ms)
				AfterProcessingInitializeOnLoad (6ms)
				EditorAssembliesLoaded (0ms)
			ExecutionOrderSort2 (0ms)
			AwakeInstancesAfterBackupRestoration (5ms)
Platform modules already initialized, skipping
Refreshing native plugins compatible for Editor in 0.41 ms, found 2 plugins.
Preloading 0 native plugins for Editor in 0.00 ms.
Unloading 1501 Unused Serialized files (Serialized files now loaded: 0)
System memory in use before: 86.7 MB.
System memory in use after: 86.8 MB.

Unloading 11 unused Assets to reduce memory usage. Loaded Objects now: 1954.
Total: 1.978200 ms (FindLiveObjects: 0.120100 ms CreateObjectMapping: 0.039800 ms MarkObjects: 1.802500 ms  DeleteObjects: 0.015300 ms)

AssetImportParameters requested are different than current active one (requested -> active):
  custom:framework-win-MediaFoundation: 216162199b28c13a410421893ffa2e32 -> 
  custom:video-decoder-ogg-theora: a1e56fd34408186e4bbccfd4996cb3dc -> 
  custom:container-muxer-webm: aa71ff27fc2769a1b78a27578f13a17b -> 
  custom:container-demuxer-webm: 4f35f7cbe854078d1ac9338744f61a02 -> 
  custom:container-demuxer-ogg: 62fdf1f143b41e24485cea50d1cbac27 -> 
  custom:video-encoder-webm-vp8: eb34c28f22e8b96e1ab97ce403110664 -> 
  custom:video-decoder-webm-vp8: 9c59270c3fd7afecdb556c50c9e8de78 -> 
  custom:audio-decoder-ogg-vorbis: bf7c407c2cedff20999df2af8eb42d56 -> 
  custom:audio-encoder-webm-vorbis: bf7c407c2cedff20999df2af8eb42d56 -> 
========================================================================
Received Import Request.
  Time since last request: 6.702745 seconds.
  path: Assets/Movement/New Folder
  artifactKey: Guid(98cdad92724921c47a99252997cb4310) Importer(815301076,1909f56bfc062723c751e8b465ee728b)
Start importing Assets/Movement/New Folder using Guid(98cdad92724921c47a99252997cb4310) Importer(815301076,1909f56bfc062723c751e8b465ee728b)  -> (artifact id: '375387fda798bb25ace2fda0f1a470df') in 0.003446 seconds 
========================================================================
Received Import Request.
  Time since last request: 12.399508 seconds.
  path: Assets/Movement/InputManager.cs
  artifactKey: Guid(e9a67cbe9109872419dc2c2897ad7211) Importer(815301076,1909f56bfc062723c751e8b465ee728b)
Start importing Assets/Movement/InputManager.cs using Guid(e9a67cbe9109872419dc2c2897ad7211) Importer(815301076,1909f56bfc062723c751e8b465ee728b)  -> (artifact id: 'f7f7b3f56aac18971076caf067d2f0cb') in 0.001726 seconds 
========================================================================
Received Prepare
Registering precompiled user dll's ...
Registered in 0.002498 seconds.
Begin MonoManager ReloadAssembly
Native extension for WindowsStandalone target not found
Native extension for WebGL target not found
Refreshing native plugins compatible for Editor in 0.44 ms, found 2 plugins.
Preloading 0 native plugins for Editor in 0.00 ms.
Mono: successfully reloaded assembly
- Completed reload, in  0.721 seconds
Domain Reload Profiling:
	ReloadAssembly (721ms)
		BeginReloadAssembly (91ms)
			ExecutionOrderSort (0ms)
			DisableScriptedObjects (3ms)
			BackupInstance (0ms)
			ReleaseScriptingObjects (0ms)
			CreateAndSetChildDomain (23ms)
		EndReloadAssembly (576ms)
			LoadAssemblies (77ms)
			RebuildTransferFunctionScriptingTraits (0ms)
			SetupTypeCache (196ms)
			ReleaseScriptCaches (1ms)
			RebuildScriptCaches (29ms)
			SetupLoadedEditorAssemblies (210ms)
				LogAssemblyErrors (0ms)
				InitializePlatformSupportModulesInManaged (4ms)
				SetLoadedEditorAssemblies (0ms)
				RefreshPlugins (0ms)
				BeforeProcessingInitializeOnLoad (57ms)
				ProcessInitializeOnLoadAttributes (136ms)
				ProcessInitializeOnLoadMethodAttributes (6ms)
				AfterProcessingInitializeOnLoad (6ms)
				EditorAssembliesLoaded (0ms)
			ExecutionOrderSort2 (0ms)
			AwakeInstancesAfterBackupRestoration (5ms)
Platform modules already initialized, skipping
Refreshing native plugins compatible for Editor in 0.42 ms, found 2 plugins.
Preloading 0 native plugins for Editor in 0.00 ms.
Unloading 1502 Unused Serialized files (Serialized files now loaded: 0)
System memory in use before: 86.8 MB.
System memory in use after: 86.9 MB.

Unloading 11 unused Assets to reduce memory usage. Loaded Objects now: 1958.
Total: 1.962000 ms (FindLiveObjects: 0.107000 ms CreateObjectMapping: 0.041100 ms MarkObjects: 1.797700 ms  DeleteObjects: 0.015500 ms)

AssetImportParameters requested are different than current active one (requested -> active):
  custom:framework-win-MediaFoundation: 216162199b28c13a410421893ffa2e32 -> 
  custom:video-decoder-ogg-theora: a1e56fd34408186e4bbccfd4996cb3dc -> 
  custom:container-muxer-webm: aa71ff27fc2769a1b78a27578f13a17b -> 
  custom:container-demuxer-webm: 4f35f7cbe854078d1ac9338744f61a02 -> 
  custom:container-demuxer-ogg: 62fdf1f143b41e24485cea50d1cbac27 -> 
  custom:video-encoder-webm-vp8: eb34c28f22e8b96e1ab97ce403110664 -> 
  custom:video-decoder-webm-vp8: 9c59270c3fd7afecdb556c50c9e8de78 -> 
  custom:audio-decoder-ogg-vorbis: bf7c407c2cedff20999df2af8eb42d56 -> 
  custom:audio-encoder-webm-vorbis: bf7c407c2cedff20999df2af8eb42d56 -> 
========================================================================
Received Prepare
Registering precompiled user dll's ...
Registered in 0.002466 seconds.
Begin MonoManager ReloadAssembly
Native extension for WindowsStandalone target not found
Native extension for WebGL target not found
Refreshing native plugins compatible for Editor in 0.48 ms, found 2 plugins.
Preloading 0 native plugins for Editor in 0.00 ms.
Mono: successfully reloaded assembly
- Completed reload, in  0.614 seconds
Domain Reload Profiling:
	ReloadAssembly (614ms)
		BeginReloadAssembly (88ms)
			ExecutionOrderSort (0ms)
			DisableScriptedObjects (3ms)
			BackupInstance (0ms)
			ReleaseScriptingObjects (0ms)
			CreateAndSetChildDomain (23ms)
		EndReloadAssembly (479ms)
			LoadAssemblies (67ms)
			RebuildTransferFunctionScriptingTraits (0ms)
			SetupTypeCache (173ms)
			ReleaseScriptCaches (1ms)
			RebuildScriptCaches (23ms)
			SetupLoadedEditorAssemblies (154ms)
				LogAssemblyErrors (0ms)
				InitializePlatformSupportModulesInManaged (5ms)
				SetLoadedEditorAssemblies (0ms)
				RefreshPlugins (1ms)
				BeforeProcessingInitializeOnLoad (70ms)
				ProcessInitializeOnLoadAttributes (69ms)
				ProcessInitializeOnLoadMethodAttributes (3ms)
				AfterProcessingInitializeOnLoad (6ms)
				EditorAssembliesLoaded (0ms)
			ExecutionOrderSort2 (0ms)
			AwakeInstancesAfterBackupRestoration (5ms)
Platform modules already initialized, skipping
Refreshing native plugins compatible for Editor in 0.50 ms, found 2 plugins.
Preloading 0 native plugins for Editor in 0.00 ms.
Unloading 1840 Unused Serialized files (Serialized files now loaded: 0)
System memory in use before: 98.1 MB.
System memory in use after: 98.3 MB.

Unloading 10 unused Assets to reduce memory usage. Loaded Objects now: 2295.
Total: 1.954500 ms (FindLiveObjects: 0.148800 ms CreateObjectMapping: 0.060300 ms MarkObjects: 1.726200 ms  DeleteObjects: 0.018400 ms)

AssetImportParameters requested are different than current active one (requested -> active):
  custom:framework-win-MediaFoundation: 216162199b28c13a410421893ffa2e32 -> 
  custom:video-decoder-ogg-theora: a1e56fd34408186e4bbccfd4996cb3dc -> 
  custom:container-muxer-webm: aa71ff27fc2769a1b78a27578f13a17b -> 
  custom:container-demuxer-webm: 4f35f7cbe854078d1ac9338744f61a02 -> 
  custom:container-demuxer-ogg: 62fdf1f143b41e24485cea50d1cbac27 -> 
  custom:video-encoder-webm-vp8: eb34c28f22e8b96e1ab97ce403110664 -> 
  custom:video-decoder-webm-vp8: 9c59270c3fd7afecdb556c50c9e8de78 -> 
  custom:audio-decoder-ogg-vorbis: bf7c407c2cedff20999df2af8eb42d56 -> 
  custom:audio-encoder-webm-vorbis: bf7c407c2cedff20999df2af8eb42d56 -> 
AssetImportWorkerClient::OnTransportError - code=2 error=End of file
